<?xml version="1.0" encoding="UTF-8"?>
<!-- Generated by org.testng.reporters.JUnitReportReporter -->
<testsuite hostname="LAPTOP-CJ1P4A3I" failures="0" tests="1" name="avpapplication123.StoryCard" time="44.676" errors="0" timestamp="2022-01-04T16:54:23 IST" skipped="0">
  <testcase classname="avpapplication123.StoryCard" name="demo" time="44.676"/>
  <system-out/>
</testsuite> <!-- avpapplication123.StoryCard -->
