<?xml version="1.0" encoding="UTF-8"?>
<!-- Generated by org.testng.reporters.JUnitReportReporter -->
<testsuite hostname="LAPTOP-CJ1P4A3I" failures="0" tests="1" name="avpapplication123.TC_HOME_001" time="15.772" errors="0" timestamp="2021-12-23T15:46:19 IST" skipped="0">
  <testcase classname="avpapplication123.TC_HOME_001" name="demo" time="15.772"/>
  <system-out/>
</testsuite> <!-- avpapplication123.TC_HOME_001 -->
