<?xml version="1.0" encoding="UTF-8"?>
<!-- Generated by org.testng.reporters.JUnitReportReporter -->
<testsuite hostname="LAPTOP-CJ1P4A3I" failures="0" tests="1" name="avpapplication123.CoronaCases" time="59.980" errors="0" timestamp="2022-01-04T17:08:09 IST" skipped="0">
  <testcase classname="avpapplication123.CoronaCases" name="demo" time="59.980"/>
  <system-out/>
</testsuite> <!-- avpapplication123.CoronaCases -->
