<?xml version="1.0" encoding="UTF-8"?>
<!-- Generated by org.testng.reporters.JUnitReportReporter -->
<testsuite hostname="LAPTOP-CJ1P4A3I" failures="0" tests="1" name="avpapplication123.LanguageTest" time="43.559" errors="0" timestamp="2021-12-27T18:58:50 IST" skipped="0">
  <testcase classname="avpapplication123.LanguageTest" name="demo" time="43.559"/>
  <system-out/>
</testsuite> <!-- avpapplication123.LanguageTest -->
