<?xml version="1.0" encoding="UTF-8"?>
<!-- Generated by org.testng.reporters.JUnitReportReporter -->
<testsuite hostname="LAPTOP-CJ1P4A3I" failures="0" tests="1" name="avpapplication123.ViewAll" time="81.017" errors="0" timestamp="2022-01-04T17:38:02 IST" skipped="0">
  <testcase classname="avpapplication123.ViewAll" name="demo" time="81.017"/>
  <system-out/>
</testsuite> <!-- avpapplication123.ViewAll -->
